# JRE version: OpenJDK Runtime Environment Temurin-21.0.6+7 (21.0.6+7) (build 21.0.6+7-LTS)
# Java VM: OpenJDK 64-Bit Server VM Temurin-21.0.6+7 (21.0.6+7-LTS, mixed mode, sharing, tiered, compressed oops, compressed class ptrs, parallel gc, windows-amd64)
GC Precious Log:
 CardTable entry size: 512
 CPUs: 8 total, 8 available
 Memory: 16265M
 Large Page Support: Disabled
 NUMA Support: Disabled
 Compressed Oops: Enabled (32-bit)
 Alignments: Space 512K, Generation 512K, Heap 2M
 Heap Min Capacity: 100M
 Heap Initial Capacity: 100M
 Heap Max Capacity: 1G
 Pre-touch: Disabled
 Parallel Workers: 8
Heap:
 PSYoungGen      total 4608K, used 946K [0x00000000eab00000, 0x00000000eb080000, 0x0000000100000000)
  eden space 4096K, 11% used [0x00000000eab00000,0x00000000eab78b80,0x00000000eaf00000)
  from space 512K, 90% used [0x00000000eaf80000,0x00000000eaff4030,0x00000000eb000000)
  to   space 512K, 0% used [0x00000000eb000000,0x00000000eb000000,0x00000000eb080000)
 ParOldGen       total 394752K, used 394329K [0x00000000c0000000, 0x00000000d8180000, 0x00000000eab00000)
  object space 394752K, 99% used [0x00000000c0000000,0x00000000d8116670,0x00000000d8180000)
 Metaspace       used 84448K, committed 86016K, reserved 1179648K
  class space    used 8455K, committed 9216K, reserved 1048576K
GC Heap History (20 events):
Event: 32989.022 GC heap before
{Heap before GC invocations=828 (full 4):
 PSYoungGen      total 4608K, used 4352K [0x00000000eab00000, 0x00000000eb080000, 0x0000000100000000)
  eden space 4096K, 100% used [0x00000000eab00000,0x00000000eaf00000,0x00000000eaf00000)
  from space 512K, 50% used [0x00000000eaf80000,0x00000000eafc0000,0x00000000eb000000)
  to   space 512K, 0% used [0x00000000eb000000,0x00000000eb000000,0x00000000eb080000)
 ParOldGen       total 393728K, used 393625K [0x00000000c0000000, 0x00000000d8080000, 0x00000000eab00000)
  object space 393728K, 99% used [0x00000000c0000000,0x00000000d80665d0,0x00000000d8080000)
 Metaspace       used 84390K, committed 86016K, reserved 1179648K
  class space    used 8455K, committed 9216K, reserved 1048576K
}
Event: 32989.024 GC heap after
{Heap after GC invocations=828 (full 4):
 PSYoungGen      total 4608K, used 496K [0x00000000eab00000, 0x00000000eb100000, 0x0000000100000000)
  eden space 4096K, 0% used [0x00000000eab00000,0x00000000eab00000,0x00000000eaf00000)
  from space 512K, 96% used [0x00000000eb000000,0x00000000eb07c070,0x00000000eb080000)
  to   space 1024K, 0% used [0x00000000eaf00000,0x00000000eaf00000,0x00000000eb000000)
 ParOldGen       total 393728K, used 393673K [0x00000000c0000000, 0x00000000d8080000, 0x00000000eab00000)
  object space 393728K, 99% used [0x00000000c0000000,0x00000000d80725d0,0x00000000d8080000)
 Metaspace       used 84390K, committed 86016K, reserved 1179648K
  class space    used 8455K, committed 9216K, reserved 1048576K
}
Event: 33039.101 GC heap before
{Heap before GC invocations=829 (full 4):
 PSYoungGen      total 4608K, used 4586K [0x00000000eab00000, 0x00000000eb100000, 0x0000000100000000)
  eden space 4096K, 99% used [0x00000000eab00000,0x00000000eaefe8a8,0x00000000eaf00000)
  from space 512K, 96% used [0x00000000eb000000,0x00000000eb07c070,0x00000000eb080000)
  to   space 1024K, 0% used [0x00000000eaf00000,0x00000000eaf00000,0x00000000eb000000)
 ParOldGen       total 393728K, used 393673K [0x00000000c0000000, 0x00000000d8080000, 0x00000000eab00000)
  object space 393728K, 99% used [0x00000000c0000000,0x00000000d80725d0,0x00000000d8080000)
 Metaspace       used 84401K, committed 86016K, reserved 1179648K
  class space    used 8455K, committed 9216K, reserved 1048576K
}
Event: 33039.103 GC heap after
{Heap after GC invocations=829 (full 4):
 PSYoungGen      total 5120K, used 256K [0x00000000eab00000, 0x00000000eb080000, 0x0000000100000000)
  eden space 4096K, 0% used [0x00000000eab00000,0x00000000eab00000,0x00000000eaf00000)
  from space 1024K, 25% used [0x00000000eaf00000,0x00000000eaf40000,0x00000000eb000000)
  to   space 512K, 0% used [0x00000000eb000000,0x00000000eb000000,0x00000000eb080000)
 ParOldGen       total 394240K, used 393961K [0x00000000c0000000, 0x00000000d8100000, 0x00000000eab00000)
  object space 394240K, 99% used [0x00000000c0000000,0x00000000d80ba670,0x00000000d8100000)
 Metaspace       used 84401K, committed 86016K, reserved 1179648K
  class space    used 8455K, committed 9216K, reserved 1048576K
}
Event: 33039.575 GC heap before
{Heap before GC invocations=830 (full 4):
 PSYoungGen      total 5120K, used 4352K [0x00000000eab00000, 0x00000000eb080000, 0x0000000100000000)
  eden space 4096K, 100% used [0x00000000eab00000,0x00000000eaf00000,0x00000000eaf00000)
  from space 1024K, 25% used [0x00000000eaf00000,0x00000000eaf40000,0x00000000eb000000)
  to   space 512K, 0% used [0x00000000eb000000,0x00000000eb000000,0x00000000eb080000)
 ParOldGen       total 394240K, used 393961K [0x00000000c0000000, 0x00000000d8100000, 0x00000000eab00000)
  object space 394240K, 99% used [0x00000000c0000000,0x00000000d80ba670,0x00000000d8100000)
 Metaspace       used 84412K, committed 86016K, reserved 1179648K
  class space    used 8455K, committed 9216K, reserved 1048576K
}
Event: 33039.589 GC heap after
{Heap after GC invocations=830 (full 4):
 PSYoungGen      total 4608K, used 320K [0x00000000eab00000, 0x00000000eb080000, 0x0000000100000000)
  eden space 4096K, 0% used [0x00000000eab00000,0x00000000eab00000,0x00000000eaf00000)
  from space 512K, 62% used [0x00000000eb000000,0x00000000eb050000,0x00000000eb080000)
  to   space 512K, 0% used [0x00000000eaf80000,0x00000000eaf80000,0x00000000eb000000)
 ParOldGen       total 394240K, used 394017K [0x00000000c0000000, 0x00000000d8100000, 0x00000000eab00000)
  object space 394240K, 99% used [0x00000000c0000000,0x00000000d80c8670,0x00000000d8100000)
 Metaspace       used 84412K, committed 86016K, reserved 1179648K
  class space    used 8455K, committed 9216K, reserved 1048576K
}
Event: 37232.988 GC heap before
{Heap before GC invocations=831 (full 4):
 PSYoungGen      total 4608K, used 4416K [0x00000000eab00000, 0x00000000eb080000, 0x0000000100000000)
  eden space 4096K, 100% used [0x00000000eab00000,0x00000000eaf00000,0x00000000eaf00000)
  from space 512K, 62% used [0x00000000eb000000,0x00000000eb050000,0x00000000eb080000)
  to   space 512K, 0% used [0x00000000eaf80000,0x00000000eaf80000,0x00000000eb000000)
 ParOldGen       total 394240K, used 394017K [0x00000000c0000000, 0x00000000d8100000, 0x00000000eab00000)
  object space 394240K, 99% used [0x00000000c0000000,0x00000000d80c8670,0x00000000d8100000)
 Metaspace       used 84427K, committed 86016K, reserved 1179648K
  class space    used 8455K, committed 9216K, reserved 1048576K
}
Event: 37232.991 GC heap after
{Heap after GC invocations=831 (full 4):
 PSYoungGen      total 4608K, used 224K [0x00000000eab00000, 0x00000000eb080000, 0x0000000100000000)
  eden space 4096K, 0% used [0x00000000eab00000,0x00000000eab00000,0x00000000eaf00000)
  from space 512K, 43% used [0x00000000eaf80000,0x00000000eafb8000,0x00000000eb000000)
  to   space 512K, 0% used [0x00000000eb000000,0x00000000eb000000,0x00000000eb080000)
 ParOldGen       total 394240K, used 394081K [0x00000000c0000000, 0x00000000d8100000, 0x00000000eab00000)
  object space 394240K, 99% used [0x00000000c0000000,0x00000000d80d8670,0x00000000d8100000)
 Metaspace       used 84427K, committed 86016K, reserved 1179648K
  class space    used 8455K, committed 9216K, reserved 1048576K
}
Event: 73533.451 GC heap before
{Heap before GC invocations=832 (full 4):
 PSYoungGen      total 4608K, used 4320K [0x00000000eab00000, 0x00000000eb080000, 0x0000000100000000)
  eden space 4096K, 100% used [0x00000000eab00000,0x00000000eaf00000,0x00000000eaf00000)
  from space 512K, 43% used [0x00000000eaf80000,0x00000000eafb8000,0x00000000eb000000)
  to   space 512K, 0% used [0x00000000eb000000,0x00000000eb000000,0x00000000eb080000)
 ParOldGen       total 394240K, used 394081K [0x00000000c0000000, 0x00000000d8100000, 0x00000000eab00000)
  object space 394240K, 99% used [0x00000000c0000000,0x00000000d80d8670,0x00000000d8100000)
 Metaspace       used 84427K, committed 86016K, reserved 1179648K
  class space    used 8455K, committed 9216K, reserved 1048576K
}
Event: 73533.891 GC heap after
{Heap after GC invocations=832 (full 4):
 PSYoungGen      total 4608K, used 160K [0x00000000eab00000, 0x00000000eb080000, 0x0000000100000000)
  eden space 4096K, 0% used [0x00000000eab00000,0x00000000eab00000,0x00000000eaf00000)
  from space 512K, 31% used [0x00000000eb000000,0x00000000eb028000,0x00000000eb080000)
  to   space 512K, 0% used [0x00000000eaf80000,0x00000000eaf80000,0x00000000eb000000)
 ParOldGen       total 394240K, used 394177K [0x00000000c0000000, 0x00000000d8100000, 0x00000000eab00000)
  object space 394240K, 99% used [0x00000000c0000000,0x00000000d80f0670,0x00000000d8100000)
 Metaspace       used 84427K, committed 86016K, reserved 1179648K
  class space    used 8455K, committed 9216K, reserved 1048576K
}
Event: 73533.919 GC heap before
{Heap before GC invocations=833 (full 4):
 PSYoungGen      total 4608K, used 4256K [0x00000000eab00000, 0x00000000eb080000, 0x0000000100000000)
  eden space 4096K, 100% used [0x00000000eab00000,0x00000000eaf00000,0x00000000eaf00000)
  from space 512K, 31% used [0x00000000eb000000,0x00000000eb028000,0x00000000eb080000)
  to   space 512K, 0% used [0x00000000eaf80000,0x00000000eaf80000,0x00000000eb000000)
 ParOldGen       total 394240K, used 394177K [0x00000000c0000000, 0x00000000d8100000, 0x00000000eab00000)
  object space 394240K, 99% used [0x00000000c0000000,0x00000000d80f0670,0x00000000d8100000)
 Metaspace       used 84427K, committed 86016K, reserved 1179648K
  class space    used 8455K, committed 9216K, reserved 1048576K
}
Event: 73533.921 GC heap after
{Heap after GC invocations=833 (full 4):
 PSYoungGen      total 4608K, used 64K [0x00000000eab00000, 0x00000000eb080000, 0x0000000100000000)
  eden space 4096K, 0% used [0x00000000eab00000,0x00000000eab00000,0x00000000eaf00000)
  from space 512K, 12% used [0x00000000eaf80000,0x00000000eaf90000,0x00000000eb000000)
  to   space 512K, 0% used [0x00000000eb000000,0x00000000eb000000,0x00000000eb080000)
 ParOldGen       total 394240K, used 394201K [0x00000000c0000000, 0x00000000d8100000, 0x00000000eab00000)
  object space 394240K, 99% used [0x00000000c0000000,0x00000000d80f6670,0x00000000d8100000)
 Metaspace       used 84427K, committed 86016K, reserved 1179648K
  class space    used 8455K, committed 9216K, reserved 1048576K
}
Event: 73617.845 GC heap before
{Heap before GC invocations=834 (full 4):
 PSYoungGen      total 4608K, used 4160K [0x00000000eab00000, 0x00000000eb080000, 0x0000000100000000)
  eden space 4096K, 100% used [0x00000000eab00000,0x00000000eaf00000,0x00000000eaf00000)
  from space 512K, 12% used [0x00000000eaf80000,0x00000000eaf90000,0x00000000eb000000)
  to   space 512K, 0% used [0x00000000eb000000,0x00000000eb000000,0x00000000eb080000)
 ParOldGen       total 394240K, used 394201K [0x00000000c0000000, 0x00000000d8100000, 0x00000000eab00000)
  object space 394240K, 99% used [0x00000000c0000000,0x00000000d80f6670,0x00000000d8100000)
 Metaspace       used 84427K, committed 86016K, reserved 1179648K
  class space    used 8455K, committed 9216K, reserved 1048576K
}
Event: 73617.847 GC heap after
{Heap after GC invocations=834 (full 4):
 PSYoungGen      total 4608K, used 160K [0x00000000eab00000, 0x00000000eb080000, 0x0000000100000000)
  eden space 4096K, 0% used [0x00000000eab00000,0x00000000eab00000,0x00000000eaf00000)
  from space 512K, 31% used [0x00000000eb000000,0x00000000eb028000,0x00000000eb080000)
  to   space 512K, 0% used [0x00000000eaf80000,0x00000000eaf80000,0x00000000eb000000)
 ParOldGen       total 394240K, used 394201K [0x00000000c0000000, 0x00000000d8100000, 0x00000000eab00000)
  object space 394240K, 99% used [0x00000000c0000000,0x00000000d80f6670,0x00000000d8100000)
 Metaspace       used 84427K, committed 86016K, reserved 1179648K
  class space    used 8455K, committed 9216K, reserved 1048576K
}
Event: 84482.987 GC heap before
{Heap before GC invocations=835 (full 4):
 PSYoungGen      total 4608K, used 4256K [0x00000000eab00000, 0x00000000eb080000, 0x0000000100000000)
  eden space 4096K, 100% used [0x00000000eab00000,0x00000000eaf00000,0x00000000eaf00000)
  from space 512K, 31% used [0x00000000eb000000,0x00000000eb028000,0x00000000eb080000)
  to   space 512K, 0% used [0x00000000eaf80000,0x00000000eaf80000,0x00000000eb000000)
 ParOldGen       total 394240K, used 394201K [0x00000000c0000000, 0x00000000d8100000, 0x00000000eab00000)
  object space 394240K, 99% used [0x00000000c0000000,0x00000000d80f6670,0x00000000d8100000)
 Metaspace       used 84441K, committed 86016K, reserved 1179648K
  class space    used 8455K, committed 9216K, reserved 1048576K
}
Event: 84482.996 GC heap after
{Heap after GC invocations=835 (full 4):
 PSYoungGen      total 4608K, used 192K [0x00000000eab00000, 0x00000000eb080000, 0x0000000100000000)
  eden space 4096K, 0% used [0x00000000eab00000,0x00000000eab00000,0x00000000eaf00000)
  from space 512K, 37% used [0x00000000eaf80000,0x00000000eafb0000,0x00000000eb000000)
  to   space 512K, 0% used [0x00000000eb000000,0x00000000eb000000,0x00000000eb080000)
 ParOldGen       total 394240K, used 394209K [0x00000000c0000000, 0x00000000d8100000, 0x00000000eab00000)
  object space 394240K, 99% used [0x00000000c0000000,0x00000000d80f8670,0x00000000d8100000)
 Metaspace       used 84441K, committed 86016K, reserved 1179648K
  class space    used 8455K, committed 9216K, reserved 1048576K
}
Event: 90474.090 GC heap before
{Heap before GC invocations=836 (full 4):
 PSYoungGen      total 4608K, used 4285K [0x00000000eab00000, 0x00000000eb080000, 0x0000000100000000)
  eden space 4096K, 99% used [0x00000000eab00000,0x00000000eaeff4c0,0x00000000eaf00000)
  from space 512K, 37% used [0x00000000eaf80000,0x00000000eafb0000,0x00000000eb000000)
  to   space 512K, 0% used [0x00000000eb000000,0x00000000eb000000,0x00000000eb080000)
 ParOldGen       total 394240K, used 394209K [0x00000000c0000000, 0x00000000d8100000, 0x00000000eab00000)
  object space 394240K, 99% used [0x00000000c0000000,0x00000000d80f8670,0x00000000d8100000)
 Metaspace       used 84444K, committed 86016K, reserved 1179648K
  class space    used 8455K, committed 9216K, reserved 1048576K
}
Event: 90474.093 GC heap after
{Heap after GC invocations=836 (full 4):
 PSYoungGen      total 4608K, used 224K [0x00000000eab00000, 0x00000000eb080000, 0x0000000100000000)
  eden space 4096K, 0% used [0x00000000eab00000,0x00000000eab00000,0x00000000eaf00000)
  from space 512K, 43% used [0x00000000eb000000,0x00000000eb038000,0x00000000eb080000)
  to   space 512K, 0% used [0x00000000eaf80000,0x00000000eaf80000,0x00000000eb000000)
 ParOldGen       total 394240K, used 394225K [0x00000000c0000000, 0x00000000d8100000, 0x00000000eab00000)
  object space 394240K, 99% used [0x00000000c0000000,0x00000000d80fc670,0x00000000d8100000)
 Metaspace       used 84444K, committed 86016K, reserved 1179648K
  class space    used 8455K, committed 9216K, reserved 1048576K
}
Event: 90475.306 GC heap before
{Heap before GC invocations=837 (full 4):
 PSYoungGen      total 4608K, used 4320K [0x00000000eab00000, 0x00000000eb080000, 0x0000000100000000)
  eden space 4096K, 100% used [0x00000000eab00000,0x00000000eaf00000,0x00000000eaf00000)
  from space 512K, 43% used [0x00000000eb000000,0x00000000eb038000,0x00000000eb080000)
  to   space 512K, 0% used [0x00000000eaf80000,0x00000000eaf80000,0x00000000eb000000)
 ParOldGen       total 394240K, used 394225K [0x00000000c0000000, 0x00000000d8100000, 0x00000000eab00000)
  object space 394240K, 99% used [0x00000000c0000000,0x00000000d80fc670,0x00000000d8100000)
 Metaspace       used 84447K, committed 86016K, reserved 1179648K
  class space    used 8455K, committed 9216K, reserved 1048576K
}
Event: 90475.307 GC heap after
{Heap after GC invocations=837 (full 4):
 PSYoungGen      total 4608K, used 464K [0x00000000eab00000, 0x00000000eb080000, 0x0000000100000000)
  eden space 4096K, 0% used [0x00000000eab00000,0x00000000eab00000,0x00000000eaf00000)
  from space 512K, 90% used [0x00000000eaf80000,0x00000000eaff4030,0x00000000eb000000)
  to   space 512K, 0% used [0x00000000eb000000,0x00000000eb000000,0x00000000eb080000)
 ParOldGen       total 394752K, used 394329K [0x00000000c0000000, 0x00000000d8180000, 0x00000000eab00000)
  object space 394752K, 99% used [0x00000000c0000000,0x00000000d8116670,0x00000000d8180000)
 Metaspace       used 84447K, committed 86016K, reserved 1179648K
  class space    used 8455K, committed 9216K, reserved 1048576K
}

